1: OK     - Only PDF available for '001_FundamentalsofPowerElectronics.pdf'
2: OK     - Only PDF available for '002_HandbookoftheLifeCourse.pdf'
3: OK     - Both PDF/Epub available for '003_AllofStatistics.pdf'
4: OK     - Only PDF available for '004_SocialAnxietyandSocialPhobiainYouth.pdf'
5: OK     - Both PDF/Epub available for '005_DiscreteMathematics.pdf'
6: OK     - Only PDF available for '006_DevelopmentalNeurobiology.pdf'
7: OK     - Only PDF available for '007_IntuitiveProbabilityandRandomProcessesusingMATLAB.pdf'
8: OK     - Only PDF available for '008_HandbookofDisasterResearch.pdf'
9: OK     - Only PDF available for '009_HandbookoftheSociologyofGender.pdf'
10: OK     - Only PDF available for '010_HandbookofSociologicalTheory.pdf'
11: FAILED - No free PDF/Epub available for '011_ClinicalNeuroanatomy.pdf'
12: OK     - Only PDF available for '012_AcquiredBrainInjury.pdf'
13: OK     - Only PDF available for '013_NumericalOptimization.pdf'
14: FAILED - No free PDF/Epub available for '014_HandbookofBiologicalConfocalMicroscopy.pdf'
15: OK     - Only PDF available for '015_CeramicMaterials.pdf'
16: FAILED - No free PDF/Epub available for '016_PrinciplesofFluorescenceSpectroscopy.pdf'
17: OK     - Only PDF available for '017_FundamentalsofBiomechanics.pdf'
18: FAILED - No free PDF/Epub available for '018_PrimerontheRheumaticDiseases.pdf'
19: OK     - Both PDF/Epub available for '019_InternationalHandbookofHistoricalArchaeology.pdf'
20: OK     - Only PDF available for '020_DatabaseMarketing.pdf'
21: OK     - Both PDF/Epub available for '021_CompositeMaterials.pdf'
22: OK     - Only PDF available for '022_TimeSeriesAnalysis.pdf'
23: OK     - Only PDF available for '023_TransmissionElectronMicroscopy.pdf'
24: OK     - Both PDF/Epub available for '024_HandbookofQuantitativeCriminology.pdf'
25: OK     - Both PDF/Epub available for '025_PlantPhysiologicalEcology.pdf'
26: OK     - Only PDF available for '026_IntroductoryStatisticswithR.pdf'
27: OK     - Only PDF available for '027_TheElementsofStatisticalLearning.pdf'
28: OK     - Only PDF available for '028_PsychologyReligionandSpirituality.pdf'
29: OK     - Only PDF available for '029_IntroductoryTimeSerieswithR.pdf'
30: OK     - Both PDF/Epub available for '030_ChildNeuropsychology.pdf'
31: OK     - Both PDF/Epub available for '031_ABeginner'sGuidetoR.pdf'
32: FAILED - No free PDF/Epub available for '032_GeomorphologyofDesertEnvironments.pdf'
33: OK     - Only PDF available for '033_TheJoyofScience.pdf'
34: OK     - Only PDF available for '034_FatigueofStructuresandMaterials.pdf'
35: OK     - Both PDF/Epub available for '035_EssentialAstrophysics.pdf'
36: OK     - Only PDF available for '036_IntroductiontoEvolutionaryComputing.pdf'
37: OK     - Both PDF/Epub available for '037_DataAnalysis.pdf'
38: OK     - Both PDF/Epub available for '038_InternationalPerspectivesonPsychotherapy.pdf'
39: OK     - Both PDF/Epub available for '039_ElectricalMachines.pdf'
40: OK     - Both PDF/Epub available for '040_MechanicsandThermodynamics.pdf'
41: OK     - Both PDF/Epub available for '041_AppliedBehaviorAnalysis.pdf'
42: OK     - Only PDF available for '042_ReadingWritingandProving.pdf'
43: OK     - Both PDF/Epub available for '043_LinearandNonlinearProgramming.pdf'
44: OK     - Both PDF/Epub available for '044_IntroductiontoPartialDifferentialEquations.pdf'
45: OK     - Both PDF/Epub available for '045_EnergyStorage.pdf'
46: OK     - Both PDF/Epub available for '046_MetabolismofHumanDiseases.pdf'
47: OK     - Both PDF/Epub available for '047_SensoryEvaluationofFood.pdf'
48: OK     - Both PDF/Epub available for '048_FundamentalsofRoboticMechanicalSystems.pdf'
49: OK     - Both PDF/Epub available for '049_IntegrativeHumanBiochemistry.pdf'
50: OK     - Both PDF/Epub available for '050_PhilosophyofScienceforScientists.pdf'
51: OK     - Both PDF/Epub available for '051_ParticlesandNuclei.pdf'
52: OK     - Both PDF/Epub available for '052_DataStructuresandAlgorithmswithPython.pdf'
53: OK     - Both PDF/Epub available for '053_LGBTParentFamilies.pdf'
54: FAILED - No free PDF/Epub available for '054_IntegratedNeuroscience.pdf'
55: FAILED - No free PDF/Epub available for '055_IntroductiontoPartialDifferentialEquations.pdf'
56: OK     - Both PDF/Epub available for '056_Microeconomics.pdf'
57: OK     - Both PDF/Epub available for '057_SystemDynamics.pdf'
58: OK     - Both PDF/Epub available for '058_CosmologyfortheCurious.pdf'
59: OK     - Both PDF/Epub available for '059_MethodsofMathematicalModelling.pdf'
60: OK     - Both PDF/Epub available for '060_IntroductiontoLogicCircuits&LogicDesignwithVerilog.pdf'
61: OK     - Only PDF available for '061_StructuralAnalysis.pdf'
62: OK     - Both PDF/Epub available for '062_EngineeringFlowandHeatExchange.pdf'
63: OK     - Both PDF/Epub available for '063_EnterpriseRiskManagementModels.pdf'
64: OK     - Both PDF/Epub available for '064_ReactivePowerControlinACPowerSystems.pdf'
65: OK     - Both PDF/Epub available for '065_PrinciplesofMicroeconomics.pdf'
66: OK     - Both PDF/Epub available for '066_AdditiveManufacturingTechnologies.pdf'
67: FAILED - No free PDF/Epub available for '067_PrinciplesofPhysics.pdf'
68: OK     - Both PDF/Epub available for '068_FundamentalsofBiomechanics.pdf'
69: OK     - Both PDF/Epub available for '069_IrrigationandDrainageEngineering.pdf'
70: OK     - Both PDF/Epub available for '070_LaTeXin24Hours.pdf'
71: OK     - Both PDF/Epub available for '071_PsychologyofPerception.pdf'
72: OK     - Both PDF/Epub available for '072_ExtragalacticAstronomyandCosmology.pdf'
73: OK     - Only PDF available for '073_AutomataandComputability.pdf'
74: OK     - Only PDF available for '074_TheAlgorithmDesignManual.pdf'
75: OK     - Both PDF/Epub available for '075_ChemicalThermodynamics.pdf'
76: OK     - Both PDF/Epub available for '076_ComputationalPhysics.pdf'
77: OK     - Both PDF/Epub available for '077_IntroductiontoStatisticsandDataAnalysis.pdf'
78: OK     - Both PDF/Epub available for '078_GrammarforTeachers.pdf'
79: OK     - Both PDF/Epub available for '079_TimeSeriesEconometrics.pdf'
80: OK     - Only PDF available for '080_Electrochemistry.pdf'
81: OK     - Both PDF/Epub available for '081_ClassicalFourierAnalysis.pdf'
82: OK     - Only PDF available for '082_HumanChromosomes.pdf'
83: OK     - Both PDF/Epub available for '083_Phylogenomics.pdf'
84: OK     - Both PDF/Epub available for '084_QuantumTheoryforMathematicians.pdf'
85: OK     - Both PDF/Epub available for '085_EvidenceBasedCriticalCare.pdf'
86: OK     - Both PDF/Epub available for '086_ClinicalAssessmentofChildandAdolescentPersonalityandBehavior.pdf'
87: OK     - Both PDF/Epub available for '087_DesignResearchinInformationSystems.pdf'
88: OK     - Both PDF/Epub available for '088_IntermediatePhysicsforMedicineandBiology.pdf'
89: OK     - Both PDF/Epub available for '089_PrinciplesofDataMining.pdf'
90: OK     - Both PDF/Epub available for '090_FundamentalAstronomy.pdf'
91: OK     - Both PDF/Epub available for '091_FundamentalsofBusinessProcessManagement.pdf'
92: OK     - Both PDF/Epub available for '092_BrownianMotionMartingalesandStochasticCalculus.pdf'
93: OK     - Only PDF available for '093_UMLClassroom.pdf'
94: OK     - Both PDF/Epub available for '094_DesignandAnalysisofExperiments.pdf'
95: OK     - Both PDF/Epub available for '095_FoundationsforDesigningUserCenteredSystems.pdf'
96: OK     - Both PDF/Epub available for '096_HandbookofConsumerFinanceResearch.pdf'
97: OK     - Both PDF/Epub available for '097_PrinciplesofTerrestrialEcosystemEcology.pdf'
98: OK     - Both PDF/Epub available for '098_AppliedMultivariateStatisticalAnalysis.pdf'
99: OK     - Only PDF available for '099_StrategicInternationalManagement.pdf'
100: OK     - Only PDF available for '100_ComputerVision.pdf'
101: OK     - Both PDF/Epub available for '101_EngineeringElectromagnetics.pdf'
102: OK     - Both PDF/Epub available for '102_DataMining.pdf'
103: OK     - Both PDF/Epub available for '103_InternationalTradeTheoryandPolicy.pdf'
104: OK     - Both PDF/Epub available for '104_AlternativeEnergySources.pdf'
105: OK     - Both PDF/Epub available for '105_IntroductiontoElectronicCommerceandSocialCommerce.pdf'
106: OK     - Only PDF available for '106_ComputationalGeometry.pdf'
107: OK     - Both PDF/Epub available for '107_ElementaryMechanicsUsingPython.pdf'
108: OK     - Both PDF/Epub available for '108_EnergyEconomics.pdf'
109: OK     - Both PDF/Epub available for '109_BiomedicalInformatics.pdf'
110: FAILED - No free PDF/Epub available for '110_RoboticsVisionandControl.pdf'
111: OK     - Both PDF/Epub available for '111_AcidBaseDiagrams.pdf'
112: OK     - Both PDF/Epub available for '112_BrewingScienceAMultidisciplinaryApproach.pdf'
113: OK     - Both PDF/Epub available for '113_LearningLandscapeEcology.pdf'
114: OK     - Only PDF available for '114_Probability.pdf'
115: OK     - Both PDF/Epub available for '115_ModelingLife.pdf'
116: OK     - Both PDF/Epub available for '116_IntroductiontoPlasmaPhysicsandControlledFusion.pdf'
117: OK     - Only PDF available for '117_EngineeringMechanics1.pdf'
118: FAILED - No free PDF/Epub available for '118_BusinessStatisticsforCompetitiveAdvantagewithExcel2016.pdf'
119: OK     - Both PDF/Epub available for '119_PrinciplesofPolymerChemistry.pdf'
120: OK     - Both PDF/Epub available for '120_APrimeronScientificProgrammingwithPython.pdf'
121: OK     - Both PDF/Epub available for '121_ClimateChangeScienceAModernSynthesis.pdf'
122: OK     - Both PDF/Epub available for '122_SolarPVandWindEnergyConversionSystems.pdf'
123: OK     - Both PDF/Epub available for '123_StatisticalAnalysisandDataDisplay.pdf'
124: OK     - Both PDF/Epub available for '124_BusinessProcessManagementCases.pdf'
125: OK     - Both PDF/Epub available for '125_ElementaryAnalysis.pdf'
126: OK     - Only PDF available for '126_CryptographyMadeSimple.pdf'
127: OK     - Both PDF/Epub available for '127_FluidDynamics.pdf'
128: OK     - Both PDF/Epub available for '128_SocialMediaManagement.pdf'
129: OK     - Both PDF/Epub available for '129_StatisticsinCriminalJustice.pdf'
130: OK     - Both PDF/Epub available for '130_SupplyChainManagementandAdvancedPlanning.pdf'
131: OK     - Both PDF/Epub available for '131_ProbabilityTheory.pdf'
132: OK     - Both PDF/Epub available for '132_StatisticsandDataAnalysisforFinancialEngineering.pdf'
133: OK     - Both PDF/Epub available for '133_ReadingsinFormalEpistemology.pdf'
134: OK     - Only PDF available for '134_DifferentialEquationsandTheirApplications.pdf'
135: OK     - Both PDF/Epub available for '135_NanotechnologyPrinciplesandPractices.pdf'
136: OK     - Both PDF/Epub available for '136_EpidemiologicalResearchTermsandConcepts.pdf'
137: OK     - Both PDF/Epub available for '137_MultinationalManagement.pdf'
138: OK     - Both PDF/Epub available for '138_PartialDifferentialEquations.pdf'
139: OK     - Both PDF/Epub available for '139_BayesianandFrequentistRegressionMethods.pdf'
140: OK     - Only PDF available for '140_StrategicInternationalManagement.pdf'
141: OK     - Both PDF/Epub available for '141_BasicConceptsinComputationalPhysics.pdf'
142: OK     - Both PDF/Epub available for '142_EyeTrackingMethodology.pdf'
143: OK     - Both PDF/Epub available for '143_WritingforPublication.pdf'
144: OK     - Both PDF/Epub available for '144_MathematicalPhysics.pdf'
145: OK     - Both PDF/Epub available for '145_CorrectionalCounselingandTreatment.pdf'
146: OK     - Only PDF available for '146_ThermodynamicsandEnergyConversion.pdf'
147: OK     - Both PDF/Epub available for '147_TheActionResearchPlanner.pdf'
148: OK     - Both PDF/Epub available for '148_StochasticProcessesandCalculus.pdf'
149: OK     - Both PDF/Epub available for '149_StatisticalAnalysisofClinicalDataonaPocketCalculator.pdf'
150: OK     - Both PDF/Epub available for '150_ClinicalDataAnalysisonaPocketCalculator.pdf'
151: OK     - Only PDF available for '151_TheDataScienceDesignManual.pdf'
152: OK     - Both PDF/Epub available for '152_AnIntroductiontoMachineLearning.pdf'
153: OK     - Both PDF/Epub available for '153_GuidetoDiscreteMathematics.pdf'
154: OK     - Both PDF/Epub available for '154_PetroleumGeoscience.pdf'
155: OK     - Both PDF/Epub available for '155_StructureDeterminationbyXrayCrystallography.pdf'
156: OK     - Both PDF/Epub available for '156_IntroductiontoTimeSeriesandForecasting.pdf'
157: OK     - Both PDF/Epub available for '157_PrinciplesofMobileCommunication.pdf'
158: OK     - Both PDF/Epub available for '158_CardiovascularBiomechanics.pdf'
159: OK     - Only PDF available for '159_IntroductiontoSmoothManifolds.pdf'
160: OK     - Both PDF/Epub available for '160_TaxationinEuropeanUnion.pdf'
161: OK     - Both PDF/Epub available for '161_EssentialsofCerebellumandCerebellarDisorders.pdf'
162: OK     - Both PDF/Epub available for '162_LanguageAcrosstheCurriculum&CLILinEnglishasanAdditionalLang.pdf'
163: OK     - Both PDF/Epub available for '163_MultivariateCalculusandGeometry.pdf'
164: OK     - Both PDF/Epub available for '164_StatisticsandAnalysisofScientificData.pdf'
165: OK     - Only PDF available for '165_ModellingComputingSystems.pdf'
166: OK     - Both PDF/Epub available for '166_SearchMethodologies.pdf'
167: OK     - Both PDF/Epub available for '167_RepresentationTheory.pdf'
168: OK     - Only PDF available for '168_LinearAlgebraDoneRight.pdf'
169: OK     - Both PDF/Epub available for '169_StellarStructureandEvolution.pdf'
170: OK     - Both PDF/Epub available for '170_EvolutionaryThinkinginMedicine.pdf'
171: OK     - Only PDF available for '171_UnderstandingCryptography.pdf'
172: OK     - Both PDF/Epub available for '172_LinearAlgebra.pdf'
173: FAILED - No free PDF/Epub available for '173_Algebra.pdf'
174: OK     - Both PDF/Epub available for '174_UnderstandingAnalysis.pdf'
175: FAILED - No free PDF/Epub available for '175_PlateTectonics.pdf'
176: OK     - Both PDF/Epub available for '176_LinearProgramming.pdf'
177: OK     - Both PDF/Epub available for '177_TheNatureofScientificKnowledge.pdf'
178: OK     - Both PDF/Epub available for '178_LeadershipToday.pdf'
179: OK     - Both PDF/Epub available for '179_PhysicsofSemiconductorDevices.pdf'
180: OK     - Both PDF/Epub available for '180_CorporateSocialResponsibility.pdf'
181: OK     - Both PDF/Epub available for '181_OrdinaryDifferentialEquations.pdf'
182: OK     - Both PDF/Epub available for '182_ElectronicCommerce.pdf'
183: OK     - Both PDF/Epub available for '183_CeramicMaterials.pdf'
184: OK     - Both PDF/Epub available for '184_FoundationsofAnalyticalChemistry.pdf'
185: OK     - Both PDF/Epub available for '185_LifeCycleAssessment.pdf'
186: OK     - Both PDF/Epub available for '186_AClinicalGuidetotheTreatmentoftheHumanStressResponse.pdf'
187: OK     - Both PDF/Epub available for '187_ComputationalPhysics.pdf'
188: OK     - Both PDF/Epub available for '188_HandbookofLGBTElders.pdf'
189: OK     - Both PDF/Epub available for '189_HandbookofCardiacAnatomyPhysiologyandDevices.pdf'
190: OK     - Both PDF/Epub available for '190_QuantumMechanics.pdf'
191: OK     - Both PDF/Epub available for '191_UnderstandingStatisticsUsingR.pdf'
192: OK     - Both PDF/Epub available for '192_MassSpectrometry.pdf'
193: OK     - Both PDF/Epub available for '193_StatisticalMechanicsforEngineers.pdf'
194: OK     - Both PDF/Epub available for '194_TheGastrointestinalSystem.pdf'
195: OK     - Both PDF/Epub available for '195_AdditiveManufacturingTechnologies.pdf'
196: OK     - Both PDF/Epub available for '196_MagneticInteractionsinMoleculesandSolids.pdf'
197: FAILED - No free PDF/Epub available for '197_ElectricityandMagnetism.pdf'
198: OK     - Only PDF available for '198_SurvivalAnalysis.pdf'
199: OK     - Both PDF/Epub available for '199_FoundationsofQuantumMechanics.pdf'
200: OK     - Both PDF/Epub available for '200_AnIntroductiontoStatisticalLearning.pdf'
201: OK     - Both PDF/Epub available for '201_IntroductiontoMathematicaforPhysicists.pdf'
202: OK     - Both PDF/Epub available for '202_StatisticalLearningfromaRegressionPerspective.pdf'
203: OK     - Both PDF/Epub available for '203_AppliedPartialDifferentialEquations.pdf'
204: OK     - Both PDF/Epub available for '204_PrinciplesofAstrophysics.pdf'
205: OK     - Both PDF/Epub available for '205_AirPollutionandGreenhouseGases.pdf'
206: OK     - Both PDF/Epub available for '206_PolymerSynthesisTheoryandPractice.pdf'
207: OK     - Both PDF/Epub available for '207_SustainableSupplyChains.pdf'
208: OK     - Only PDF available for '208_Robotics.pdf'
209: OK     - Only PDF available for '209_Econometrics.pdf'
210: OK     - Both PDF/Epub available for '210_TheSeaFloor.pdf'
211: OK     - Both PDF/Epub available for '211_SPSSforStartersand2ndLevelers.pdf'
212: OK     - Both PDF/Epub available for '212_RegressionModelingStrategies.pdf'
213: OK     - Both PDF/Epub available for '213_LegalDynamicsofEUExternalRelations.pdf'
214: OK     - Both PDF/Epub available for '214_FoodAnalysisLaboratoryManual.pdf'
215: OK     - Both PDF/Epub available for '215_PrinciplesofMusicalAcoustics.pdf'
216: OK     - Both PDF/Epub available for '216_FundamentalsofStructuralEngineering.pdf'
217: OK     - Both PDF/Epub available for '217_BasicsofLaserPhysics.pdf'
218: OK     - Both PDF/Epub available for '218_AppliedQuantitativeFinance.pdf'
219: OK     - Both PDF/Epub available for '219_HandbookofMarriageandtheFamily.pdf'
220: OK     - Only PDF available for '220_SolidStatePhysics.pdf'
221: OK     - Both PDF/Epub available for '221_ElectrochemicalImpedanceSpectroscopyanditsApplications.pdf'
222: OK     - Both PDF/Epub available for '222_EconomicsasAppliedEthics.pdf'
223: OK     - Both PDF/Epub available for '223_ElectronicsforEmbeddedSystems.pdf'
224: OK     - Both PDF/Epub available for '224_ConciseGuidetoSoftwareEngineering.pdf'
225: OK     - Both PDF/Epub available for '225_FundamentalsofMultimedia.pdf'
226: OK     - Both PDF/Epub available for '226_Logistics.pdf'
227: OK     - Both PDF/Epub available for '227_GroupTheoryAppliedtoChemistry.pdf'
228: OK     - Both PDF/Epub available for '228_ThePsychologyofSocialStatus.pdf'
229: OK     - Only PDF available for '229_AModernIntroductiontoProbabilityandStatistics.pdf'
230: OK     - Only PDF available for '230_ComplexAnalysis.pdf'
231: OK     - Only PDF available for '231_FoodChemistry.pdf'
232: OK     - Both PDF/Epub available for '232_ExamSurvivalGuidePhysicalChemistry.pdf'
233: OK     - Both PDF/Epub available for '233_ThePythonWorkbook.pdf'
234: OK     - Both PDF/Epub available for '234_PracticalElectricalEngineering.pdf'
235: OK     - Both PDF/Epub available for '235_StrategicRetailManagement.pdf'
236: OK     - Both PDF/Epub available for '236_FoodAnalysis.pdf'
237: OK     - Both PDF/Epub available for '237_PsychoeducationalAssessmentandReportWriting.pdf'
238: OK     - Both PDF/Epub available for '238_MachineLearninginMedicineaCompleteOverview.pdf'
239: OK     - Both PDF/Epub available for '239_EvidenceBasedInterventionsforChildrenwithChallengingBehavior.pdf'
240: OK     - Only PDF available for '240_PrinciplesofQuantumMechanics.pdf'
241: OK     - Both PDF/Epub available for '241_RecommenderSystems.pdf'
242: OK     - Both PDF/Epub available for '242_PharmaceuticalBiotechnology.pdf'
243: OK     - Both PDF/Epub available for '243_PythonProgrammingFundamentals.pdf'
244: OK     - Both PDF/Epub available for '244_TheFiniteElementMethodandApplicationsinEngineeringUsingANSY.pdf'
245: OK     - Only PDF available for '245_GroupTheory.pdf'
246: OK     - Both PDF/Epub available for '246_ObjectOrientedAnalysisDesignandImplementation.pdf'
247: OK     - Both PDF/Epub available for '247_IntroductiontoEmbeddedSystems.pdf'
248: OK     - Both PDF/Epub available for '248_ElementaryMechanicsUsingMatlab.pdf'
249: OK     - Both PDF/Epub available for '249_AnIntroductiontoBiomechanics.pdf'
250: OK     - Only PDF available for '250_NewIntroductiontoMultipleTimeSeriesAnalysis.pdf'
251: OK     - Both PDF/Epub available for '251_IntroductiontoDataScience.pdf'
252: OK     - Both PDF/Epub available for '252_CalculusWithApplications.pdf'
253: OK     - Both PDF/Epub available for '253_AnIntroductiontoSoilMechanics.pdf'
254: OK     - Both PDF/Epub available for '254_GameTheory.pdf'
255: OK     - Both PDF/Epub available for '255_FundamentalsofClinicalTrials.pdf'
256: OK     - Both PDF/Epub available for '256_TheFiniteVolumeMethodinComputationalFluidDynamics.pdf'
257: OK     - Both PDF/Epub available for '257_TheASCRSTextbookofColonandRectalSurgery.pdf'
258: OK     - Both PDF/Epub available for '258_AppliedPredictiveModeling.pdf'
259: OK     - Both PDF/Epub available for '259_IntroductiontoLogicCircuits&LogicDesignwithVHDL.pdf'
260: OK     - Both PDF/Epub available for '260_SustainabilityScience.pdf'
261: OK     - Both PDF/Epub available for '261_PhysicalChemistryfromaDifferentAngle.pdf'
262: OK     - Both PDF/Epub available for '262_ThePhysicsofSemiconductors.pdf'
263: OK     - Both PDF/Epub available for '263_EnergyHarvestingandEnergyEfficiency.pdf'
264: OK     - Both PDF/Epub available for '264_PythonForArcGIS.pdf'
265: OK     - Only PDF available for '265_StaticsandMechanicsofStructures.pdf'
266: OK     - Both PDF/Epub available for '266_RealAnalysis.pdf'
267: OK     - Both PDF/Epub available for '267_MATLABforPsychologists.pdf'
268: OK     - Both PDF/Epub available for '268_PhysicalAssetManagement.pdf'
269: OK     - Both PDF/Epub available for '269_EssentialsofFoodScience.pdf'
270: OK     - Only PDF available for '270_QuantumMechanics.pdf'
271: OK     - Both PDF/Epub available for '271_ProbabilityTheory.pdf'
272: OK     - Both PDF/Epub available for '272_ConciseGuidetoDatabases.pdf'
273: OK     - Only PDF available for '273_DigitalImageProcessing.pdf'
274: OK     - Both PDF/Epub available for '274_ChemicalandBioprocessEngineering.pdf'
275: OK     - Only PDF available for '275_TransmissionElectronMicroscopy.pdf'
276: OK     - Both PDF/Epub available for '276_GuidetoComputerNetworkSecurity.pdf'
277: OK     - Both PDF/Epub available for '277_IntroductiontoLaw.pdf'
278: OK     - Both PDF/Epub available for '278_AdvancedQuantumMechanics.pdf'
279: OK     - Both PDF/Epub available for '279_BayesianEssentialswithR.pdf'
280: FAILED - No free PDF/Epub available for '280_RoboticsVisionandControl.pdf'
281: OK     - Both PDF/Epub available for '281_AppliedChemistry.pdf'
282: OK     - Only PDF available for '282_AdvancedOrganicChemistry.pdf'
283: OK     - Only PDF available for '283_AdvancedOrganicChemistry.pdf'
284: OK     - Both PDF/Epub available for '284_InternationalHumanitarianAction.pdf'
285: OK     - Both PDF/Epub available for '285_BreastCancer.pdf'
286: OK     - Both PDF/Epub available for '286_TravelMarketingTourismEconomicsandtheAirlineProduct.pdf'
287: OK     - Both PDF/Epub available for '287_ElectronicCommerce2018.pdf'
288: OK     - Both PDF/Epub available for '288_DisabilityandVocationalRehabilitationinRuralSettings.pdf'
289: OK     - Both PDF/Epub available for '289_TeachingMedicineandMedicalEthicsUsingPopularCulture.pdf'
290: OK     - Both PDF/Epub available for '290_MarketResearch.pdf'
291: OK     - Both PDF/Epub available for '291_ScanningElectronMicroscopyandXRayMicroanalysis.pdf'
292: OK     - Both PDF/Epub available for '292_ArcGISforEnvironmentalandWaterIssues.pdf'
293: OK     - Only PDF available for '293_PhysicsfromSymmetry.pdf'
294: OK     - Both PDF/Epub available for '294_CommunicationandBioethicsattheEndofLife.pdf'
295: OK     - Both PDF/Epub available for '295_FoundationsofProgrammingLanguages.pdf'
296: OK     - Both PDF/Epub available for '296_ProblemsinClassicalElectromagnetism.pdf'
297: OK     - Both PDF/Epub available for '297_PolymerChemistry.pdf'
298: OK     - Both PDF/Epub available for '298_ProbabilityandStatisticsforComputerScience.pdf'
299: OK     - Both PDF/Epub available for '299_EmpatheticSpaceonScreen.pdf'
300: OK     - Both PDF/Epub available for '300_PoliticalSocialWork.pdf'
301: OK     - Both PDF/Epub available for '301_IntroductoryQuantumMechanics.pdf'
302: OK     - Both PDF/Epub available for '302_GuidetoCompetitiveProgramming.pdf'
303: OK     - Both PDF/Epub available for '303_IntroductiontoArtificialIntelligence.pdf'
304: OK     - Both PDF/Epub available for '304_BioinformaticsforEvolutionaryBiologists.pdf'
305: OK     - Both PDF/Epub available for '305_ConceptsMethodsandPracticalApplicationsinAppliedDemography.pdf'
306: OK     - Both PDF/Epub available for '306_IntroductiontoDeepLearning.pdf'
307: OK     - Both PDF/Epub available for '307_EnergyandtheWealthofNations.pdf'
308: OK     - Both PDF/Epub available for '308_ABeginner'sGuidetoScalaObjectOrientationandFunctionalProgram.pdf'
309: OK     - Both PDF/Epub available for '309_LessonsonSyntheticBioarchitectures.pdf'
310: OK     - Both PDF/Epub available for '310_ManagingSustainableBusiness.pdf'
311: OK     - Only PDF available for '311_EngineeringMechanics2.pdf'
312: OK     - Only PDF available for '312_FundamentalsofBusinessProcessManagement.pdf'
313: OK     - Both PDF/Epub available for '313_ClinicalMethodsinMedicalFamilyTherapy.pdf'
314: OK     - Both PDF/Epub available for '314_GuidetoScientificComputinginC++.pdf'
315: OK     - Both PDF/Epub available for '315_MotivationandAction.pdf'
316: OK     - Both PDF/Epub available for '316_PerspectivesonElderlyCrimeandVictimization.pdf'
317: OK     - Both PDF/Epub available for '317_KnowledgeManagement.pdf'
318: OK     - Both PDF/Epub available for '318_AnIntroductiontoZooarchaeology.pdf'
319: OK     - Both PDF/Epub available for '319_AbstractAlgebra.pdf'
320: OK     - Both PDF/Epub available for '320_CriminalJusticeandMentalHealth.pdf'
321: OK     - Both PDF/Epub available for '321_PhilosophyofRace.pdf'
322: OK     - Both PDF/Epub available for '322_OfCigarettesHighHeelsandOtherInterestingThings.pdf'
323: OK     - Both PDF/Epub available for '323_AppliedBioinformatics.pdf'
324: OK     - Both PDF/Epub available for '324_LinearAlgebraandAnalyticGeometryforPhysicalSciences.pdf'
325: OK     - Both PDF/Epub available for '325_BuildingEnergyModelingwithOpenStudio.pdf'
326: OK     - Both PDF/Epub available for '326_CustomerRelationshipManagement.pdf'
327: OK     - Both PDF/Epub available for '327_TheAZofthePhDTrajectory.pdf'
328: OK     - Both PDF/Epub available for '328_StrategicHumanResourceManagementandEmploymentRelations.pdf'
329: OK     - Only PDF available for '329_AppliedLinearAlgebra.pdf'
330: OK     - Both PDF/Epub available for '330_WitnessingTorture.pdf'
331: OK     - Only PDF available for '331_ProofsfromTHEBOOK.pdf'
332: OK     - Both PDF/Epub available for '332_IntroductiontoGeneralRelativity.pdf'
333: OK     - Both PDF/Epub available for '333_IntroductiontoParticleandAstroparticlePhysics.pdf'
334: OK     - Both PDF/Epub available for '334_FundamentalsofJavaProgramming.pdf'
335: OK     - Both PDF/Epub available for '335_OptimizationofProcessFlowsheetsthroughMetaheuristicTechniques.pdf'
336: OK     - Both PDF/Epub available for '336_Robotics.pdf'
337: OK     - Both PDF/Epub available for '337_BusinessEthicsAPhilosophicalandBehavioralApproach.pdf'
338: OK     - Both PDF/Epub available for '338_AFirstIntroductiontoQuantumPhysics.pdf'
339: OK     - Both PDF/Epub available for '339_ArgumentationTheoryAPragmaDialecticalPerspective.pdf'
340: OK     - Only PDF available for '340_LogicalFoundationsofCyberPhysicalSystems.pdf'
341: OK     - Both PDF/Epub available for '341_OffGridElectricalSystemsinDevelopingCountries.pdf'
342: OK     - Both PDF/Epub available for '342_EntertainmentScience.pdf'
343: OK     - Both PDF/Epub available for '343_PhysicsofOscillationsandWaves.pdf'
344: OK     - Both PDF/Epub available for '344_IntroductiontoProgrammingwithFortran.pdf'
345: OK     - Both PDF/Epub available for '345_FundamentalsofSolidStateEngineering.pdf'
346: OK     - Both PDF/Epub available for '346_IntroductiontoDigitalSystemsDesign.pdf'
347: OK     - Both PDF/Epub available for '347_NeuralNetworksandDeepLearning.pdf'
348: FAILED - No free PDF/Epub available for '348_DataScienceandPredictiveAnalytics.pdf'
349: OK     - Both PDF/Epub available for '349_SystemsProgramminginUnixLinux.pdf'
350: OK     - Both PDF/Epub available for '350_AnalyticalCorporateFinance.pdf'
351: OK     - Both PDF/Epub available for '351_FraudandCorruption.pdf'
352: OK     - Both PDF/Epub available for '352_ConferencingandPresentationEnglishforYoungAcademics.pdf'
353: OK     - Both PDF/Epub available for '353_AConciseGuidetoMarketResearch.pdf'
354: OK     - Both PDF/Epub available for '354_GlobalSupplyChainandOperationsManagement.pdf'
355: OK     - Both PDF/Epub available for '355_IntroductiontoParallelComputing.pdf'
356: OK     - Both PDF/Epub available for '356_MathematicalLogic.pdf'
357: OK     - Both PDF/Epub available for '357_StabilityandControlofLinearSystems.pdf'
358: OK     - Both PDF/Epub available for '358_IntroductiontoFormalPhilosophy.pdf'
359: OK     - Both PDF/Epub available for '359_AnalysisforComputerScientists.pdf'
360: OK     - Both PDF/Epub available for '360_InternationalBusinessManagement.pdf'
361: OK     - Both PDF/Epub available for '361_ResearchMethodsfortheDigitalHumanities.pdf'
362: OK     - Both PDF/Epub available for '362_IntroductoryComputerForensics.pdf'
363: OK     - Both PDF/Epub available for '363_ControlEngineering.pdf'
364: OK     - Both PDF/Epub available for '364_ControlEngineeringMATLABExercises.pdf'
365: OK     - Both PDF/Epub available for '365_ENZYMESCatalysisKineticsandMechanisms.pdf'
366: OK     - Both PDF/Epub available for '366_AutomaticControlwithExperiments.pdf'
367: OK     - Both PDF/Epub available for '367_InternetofThingsFromHypetoReality.pdf'
368: OK     - Both PDF/Epub available for '368_QuantitativeMethodsfortheSocialSciences.pdf'
369: OK     - Both PDF/Epub available for '369_APythagoreanIntroductiontoNumberTheory.pdf'
370: OK     - Only PDF available for '370_PhilosophicalandMathematicalLogic.pdf'
371: OK     - Both PDF/Epub available for '371_StructuralDynamics.pdf'
372: OK     - Both PDF/Epub available for '372_PlantPhysiologyDevelopmentandMetabolism.pdf'
373: OK     - Both PDF/Epub available for '373_QuantumMechanicsforPedestrians1.pdf'
374: FAILED - No free PDF/Epub available for '374_PlantAnatomy.pdf'
375: OK     - Both PDF/Epub available for '375_QuantumMechanicsforPedestrians2.pdf'
376: OK     - Both PDF/Epub available for '376_ExcelDataAnalysis.pdf'
377: OK     - Both PDF/Epub available for '377_QuickStartGuidetoVHDL.pdf'
378: FAILED - No free PDF/Epub available for '378_JavainTwoSemesters.pdf'
379: OK     - Both PDF/Epub available for '379_ManagingMediaandDigitalOrganizations.pdf'
380: OK     - Both PDF/Epub available for '380_MediaandDigitalManagement.pdf'
381: OK     - Both PDF/Epub available for '381_AnAnthologyofLondoninLiterature15581914.pdf'
382: OK     - Both PDF/Epub available for '382_Astronautics.pdf'
383: OK     - Both PDF/Epub available for '383_PerceptualOrganization.pdf'
384: OK     - Both PDF/Epub available for '384_ResearchMethodsforSocialJusticeandEquityinEducation.pdf'
385: OK     - Both PDF/Epub available for '385_EducationalTechnology.pdf'
386: OK     - Both PDF/Epub available for '386_QuickStartGuidetoVerilog.pdf'
387: OK     - Both PDF/Epub available for '387_SpineSurgery.pdf'
388: OK     - Both PDF/Epub available for '388_IntroductiontoLogicCircuits&LogicDesignwithVHDL.pdf'
389: OK     - Both PDF/Epub available for '389_SocialJusticeTheoryandPracticeforSocialWork.pdf'
390: OK     - Both PDF/Epub available for '390_SchoolLeadershipandEducationalChangeinSingapore.pdf'
391: OK     - Both PDF/Epub available for '391_DigitalBusinessModels.pdf'
392: OK     - Both PDF/Epub available for '392_IntroductiontoLogicCircuits&LogicDesignwithVerilog.pdf'
393: FAILED - No free PDF/Epub available for '393_PharmaceuticalBiotechnology.pdf'
394: OK     - Both PDF/Epub available for '394_MappingGlobalTheatreHistories.pdf'
395: OK     - Both PDF/Epub available for '395_SocialMarketinginAction.pdf'
396: OK     - Both PDF/Epub available for '396_AnalyzingQualitativeDatawithMAXQDA.pdf'
397: OK     - Both PDF/Epub available for '397_HandbookofEvolutionaryResearchinArchaeology.pdf'
398: OK     - Both PDF/Epub available for '398_EvidenceBasedPracticeinClinicalSocialWork.pdf'
399: OK     - Both PDF/Epub available for '399_FoundationsofBehavioralHealth.pdf'
400: OK     - Both PDF/Epub available for '400_SocialPsychologyinAction.pdf'
401: OK     - Both PDF/Epub available for '401_EssentialsofBusinessAnalytics.pdf'
402: OK     - Both PDF/Epub available for '402_ACourseinRaschMeasurementTheory.pdf'
403: OK     - Both PDF/Epub available for '403_MultimediaBigDataComputingforIoTApplications.pdf'
404: OK     - Both PDF/Epub available for '404_PolicingandMinorityCommunities.pdf'
405: FAILED - No free PDF/Epub available for '405_ABeginnersGuidetoPython3Programming.pdf'
406: OK     - Both PDF/Epub available for '406_AdvancedGuidetoPython3Programming.pdf'
407: FAILED - No free PDF/Epub available for '407_LiteratureandMedicine.pdf'
408: OK     - Both PDF/Epub available for '408_FoodFraudPrevention.pdf'

20 failed files out of 408
